2024-03-08 13:23:36,316 INFO    StreamThr :13536 [internal.py:wandb_internal():86] W&B internal server running at pid: 13536, started at: 2024-03-08 13:23:36.315884
2024-03-08 13:23:36,317 DEBUG   HandlerThread:13536 [handler.py:handle_request():146] handle_request: status
2024-03-08 13:23:36,319 INFO    WriterThread:13536 [datastore.py:open_for_write():87] open: /home/uosai/바탕화면/mini-marl/vdn/wandb/run-20240308_132336-lzn7vkjy/run-lzn7vkjy.wandb
2024-03-08 13:23:36,319 DEBUG   SenderThread:13536 [sender.py:send():382] send: header
2024-03-08 13:23:36,333 DEBUG   SenderThread:13536 [sender.py:send():382] send: run
2024-03-08 13:23:36,856 INFO    SenderThread:13536 [dir_watcher.py:__init__():211] watching files in: /home/uosai/바탕화면/mini-marl/vdn/wandb/run-20240308_132336-lzn7vkjy/files
2024-03-08 13:23:36,856 INFO    SenderThread:13536 [sender.py:_start_run_threads():1136] run started: lzn7vkjy with start time 1709871816.315877
2024-03-08 13:23:36,860 DEBUG   HandlerThread:13536 [handler.py:handle_request():146] handle_request: check_version
2024-03-08 13:23:36,860 DEBUG   SenderThread:13536 [sender.py:send_request():409] send_request: check_version
2024-03-08 13:23:36,968 DEBUG   HandlerThread:13536 [handler.py:handle_request():146] handle_request: run_start
2024-03-08 13:23:36,977 DEBUG   HandlerThread:13536 [system_info.py:__init__():27] System info init
2024-03-08 13:23:36,977 DEBUG   HandlerThread:13536 [system_info.py:__init__():42] System info init done
2024-03-08 13:23:36,977 INFO    HandlerThread:13536 [system_monitor.py:start():194] Starting system monitor
2024-03-08 13:23:36,977 INFO    SystemMonitor:13536 [system_monitor.py:_start():158] Starting system asset monitoring threads
2024-03-08 13:23:36,978 INFO    HandlerThread:13536 [system_monitor.py:probe():214] Collecting system info
2024-03-08 13:23:36,978 INFO    SystemMonitor:13536 [interfaces.py:start():190] Started cpu monitoring
2024-03-08 13:23:36,979 INFO    SystemMonitor:13536 [interfaces.py:start():190] Started disk monitoring
2024-03-08 13:23:36,979 INFO    SystemMonitor:13536 [interfaces.py:start():190] Started gpu monitoring
2024-03-08 13:23:36,980 INFO    SystemMonitor:13536 [interfaces.py:start():190] Started memory monitoring
2024-03-08 13:23:36,980 INFO    SystemMonitor:13536 [interfaces.py:start():190] Started network monitoring
2024-03-08 13:23:36,993 DEBUG   HandlerThread:13536 [system_info.py:probe():151] Probing system
2024-03-08 13:23:36,999 DEBUG   HandlerThread:13536 [system_info.py:_probe_git():136] Probing git
2024-03-08 13:23:37,013 DEBUG   HandlerThread:13536 [system_info.py:_probe_git():144] Probing git done
2024-03-08 13:23:37,013 DEBUG   HandlerThread:13536 [system_info.py:probe():199] Probing system done
2024-03-08 13:23:37,013 DEBUG   HandlerThread:13536 [system_monitor.py:probe():223] {'os': 'Linux-6.5.0-21-generic-x86_64-with-glibc2.35', 'python': '3.9.18', 'heartbeatAt': '2024-03-08T04:23:36.993199', 'startedAt': '2024-03-08T04:23:36.311896', 'docker': None, 'cuda': None, 'args': ('--buffer_limit', '100', '--experiment_name', 'junk', '--use_wandb', 'True'), 'state': 'running', 'program': '/home/uosai/바탕화면/mini-marl/vdn/main.py', 'codePathLocal': 'main.py', 'codePath': 'vdn/main.py', 'git': {'remote': 'https://github.com/singforai/mini-marl.git', 'commit': '2032ce6b49385215826708daeb50742a0eaaabaa'}, 'email': 'singfor7012@gmail.com', 'root': '/home/uosai/바탕화면/mini-marl', 'host': 'uos-desktop', 'username': 'uosai', 'executable': '/home/uosai/바탕화면/miniconda3/envs/simplenv/bin/python', 'cpu_count': 12, 'cpu_count_logical': 24, 'cpu_freq': {'current': 3126.70025, 'min': 2200.0, 'max': 3700.0}, 'cpu_freq_per_core': [{'current': 3841.2, 'min': 2200.0, 'max': 3700.0}, {'current': 4747.296, 'min': 2200.0, 'max': 3700.0}, {'current': 4445.195, 'min': 2200.0, 'max': 3700.0}, {'current': 4821.582, 'min': 2200.0, 'max': 3700.0}, {'current': 3853.945, 'min': 2200.0, 'max': 3700.0}, {'current': 3700.0, 'min': 2200.0, 'max': 3700.0}, {'current': 3850.956, 'min': 2200.0, 'max': 3700.0}, {'current': 2200.0, 'min': 2200.0, 'max': 3700.0}, {'current': 3601.954, 'min': 2200.0, 'max': 3700.0}, {'current': 3840.31, 'min': 2200.0, 'max': 3700.0}, {'current': 2200.0, 'min': 2200.0, 'max': 3700.0}, {'current': 2200.0, 'min': 2200.0, 'max': 3700.0}, {'current': 2200.0, 'min': 2200.0, 'max': 3700.0}, {'current': 2200.0, 'min': 2200.0, 'max': 3700.0}, {'current': 4499.23, 'min': 2200.0, 'max': 3700.0}, {'current': 2200.0, 'min': 2200.0, 'max': 3700.0}, {'current': 3855.36, 'min': 2200.0, 'max': 3700.0}, {'current': 2200.0, 'min': 2200.0, 'max': 3700.0}, {'current': 2200.0, 'min': 2200.0, 'max': 3700.0}, {'current': 4154.67, 'min': 2200.0, 'max': 3700.0}, {'current': 2990.305, 'min': 2200.0, 'max': 3700.0}, {'current': 3705.393, 'min': 2200.0, 'max': 3700.0}, {'current': 2200.0, 'min': 2200.0, 'max': 3700.0}, {'current': 3415.092, 'min': 2200.0, 'max': 3700.0}], 'disk': {'/': {'total': 233.17998886108398, 'used': 175.25910568237305}}, 'gpu': 'NVIDIA GeForce RTX 3080', 'gpu_count': 2, 'gpu_devices': [{'name': 'NVIDIA GeForce RTX 3080', 'memory_total': 10737418240}, {'name': 'NVIDIA GeForce RTX 3080', 'memory_total': 10737418240}], 'memory': {'total': 62.70906066894531}}
2024-03-08 13:23:37,013 INFO    HandlerThread:13536 [system_monitor.py:probe():224] Finished collecting system info
2024-03-08 13:23:37,013 INFO    HandlerThread:13536 [system_monitor.py:probe():227] Publishing system info
2024-03-08 13:23:37,013 DEBUG   HandlerThread:13536 [system_info.py:_save_conda():208] Saving list of conda packages installed into the current environment
2024-03-08 13:23:37,857 INFO    Thread-13 :13536 [dir_watcher.py:_on_file_created():271] file/dir created: /home/uosai/바탕화면/mini-marl/vdn/wandb/run-20240308_132336-lzn7vkjy/files/conda-environment.yaml
2024-03-08 13:23:38,644 DEBUG   HandlerThread:13536 [system_info.py:_save_conda():220] Saving conda packages done
2024-03-08 13:23:38,645 INFO    HandlerThread:13536 [system_monitor.py:probe():229] Finished publishing system info
2024-03-08 13:23:38,655 DEBUG   SenderThread:13536 [sender.py:send():382] send: files
2024-03-08 13:23:38,655 INFO    SenderThread:13536 [sender.py:_save_file():1403] saving file wandb-metadata.json with policy now
2024-03-08 13:23:38,658 DEBUG   HandlerThread:13536 [handler.py:handle_request():146] handle_request: python_packages
2024-03-08 13:23:38,659 DEBUG   SenderThread:13536 [sender.py:send_request():409] send_request: python_packages
2024-03-08 13:23:38,659 DEBUG   HandlerThread:13536 [handler.py:handle_request():146] handle_request: stop_status
2024-03-08 13:23:38,659 DEBUG   SenderThread:13536 [sender.py:send_request():409] send_request: stop_status
2024-03-08 13:23:38,659 DEBUG   HandlerThread:13536 [handler.py:handle_request():146] handle_request: internal_messages
2024-03-08 13:23:38,857 INFO    Thread-13 :13536 [dir_watcher.py:_on_file_modified():288] file/dir modified: /home/uosai/바탕화면/mini-marl/vdn/wandb/run-20240308_132336-lzn7vkjy/files/conda-environment.yaml
2024-03-08 13:23:38,857 INFO    Thread-13 :13536 [dir_watcher.py:_on_file_created():271] file/dir created: /home/uosai/바탕화면/mini-marl/vdn/wandb/run-20240308_132336-lzn7vkjy/files/requirements.txt
2024-03-08 13:23:38,857 INFO    Thread-13 :13536 [dir_watcher.py:_on_file_created():271] file/dir created: /home/uosai/바탕화면/mini-marl/vdn/wandb/run-20240308_132336-lzn7vkjy/files/wandb-metadata.json
2024-03-08 13:23:38,992 DEBUG   SenderThread:13536 [sender.py:send():382] send: telemetry
2024-03-08 13:23:39,619 INFO    wandb-upload_0:13536 [upload_job.py:push():131] Uploaded file /tmp/tmp44erqhblwandb/9j5o2b0q-wandb-metadata.json
2024-03-08 13:23:39,857 INFO    Thread-13 :13536 [dir_watcher.py:_on_file_created():271] file/dir created: /home/uosai/바탕화면/mini-marl/vdn/wandb/run-20240308_132336-lzn7vkjy/files/output.log
2024-03-08 13:23:41,369 DEBUG   HandlerThread:13536 [handler.py:handle_request():146] handle_request: status_report
2024-03-08 13:23:41,857 INFO    Thread-13 :13536 [dir_watcher.py:_on_file_modified():288] file/dir modified: /home/uosai/바탕화면/mini-marl/vdn/wandb/run-20240308_132336-lzn7vkjy/files/output.log
2024-03-08 13:23:42,707 DEBUG   HandlerThread:13536 [handler.py:handle_request():146] handle_request: partial_history
2024-03-08 13:23:42,708 DEBUG   SenderThread:13536 [sender.py:send():382] send: history
2024-03-08 13:23:42,709 DEBUG   SenderThread:13536 [sender.py:send_request():409] send_request: summary_record
2024-03-08 13:23:42,709 INFO    SenderThread:13536 [sender.py:_save_file():1403] saving file wandb-summary.json with policy end
2024-03-08 13:23:42,858 INFO    Thread-13 :13536 [dir_watcher.py:_on_file_created():271] file/dir created: /home/uosai/바탕화면/mini-marl/vdn/wandb/run-20240308_132336-lzn7vkjy/files/wandb-summary.json
2024-03-08 13:23:43,858 INFO    Thread-13 :13536 [dir_watcher.py:_on_file_modified():288] file/dir modified: /home/uosai/바탕화면/mini-marl/vdn/wandb/run-20240308_132336-lzn7vkjy/files/output.log
2024-03-08 13:23:45,588 DEBUG   HandlerThread:13536 [handler.py:handle_request():146] handle_request: partial_history
2024-03-08 13:23:45,589 DEBUG   SenderThread:13536 [sender.py:send():382] send: history
2024-03-08 13:23:45,590 DEBUG   SenderThread:13536 [sender.py:send_request():409] send_request: summary_record
2024-03-08 13:23:45,590 INFO    SenderThread:13536 [sender.py:_save_file():1403] saving file wandb-summary.json with policy end
2024-03-08 13:23:45,858 INFO    Thread-13 :13536 [dir_watcher.py:_on_file_modified():288] file/dir modified: /home/uosai/바탕화면/mini-marl/vdn/wandb/run-20240308_132336-lzn7vkjy/files/output.log
2024-03-08 13:23:45,859 INFO    Thread-13 :13536 [dir_watcher.py:_on_file_modified():288] file/dir modified: /home/uosai/바탕화면/mini-marl/vdn/wandb/run-20240308_132336-lzn7vkjy/files/wandb-summary.json
2024-03-08 13:23:46,387 DEBUG   HandlerThread:13536 [handler.py:handle_request():146] handle_request: status_report
2024-03-08 13:23:47,859 INFO    Thread-13 :13536 [dir_watcher.py:_on_file_modified():288] file/dir modified: /home/uosai/바탕화면/mini-marl/vdn/wandb/run-20240308_132336-lzn7vkjy/files/output.log
2024-03-08 13:23:48,999 DEBUG   HandlerThread:13536 [handler.py:handle_request():146] handle_request: partial_history
2024-03-08 13:23:49,000 DEBUG   SenderThread:13536 [sender.py:send():382] send: history
2024-03-08 13:23:49,000 DEBUG   SenderThread:13536 [sender.py:send_request():409] send_request: summary_record
2024-03-08 13:23:49,001 INFO    SenderThread:13536 [sender.py:_save_file():1403] saving file wandb-summary.json with policy end
2024-03-08 13:23:49,859 INFO    Thread-13 :13536 [dir_watcher.py:_on_file_modified():288] file/dir modified: /home/uosai/바탕화면/mini-marl/vdn/wandb/run-20240308_132336-lzn7vkjy/files/output.log
2024-03-08 13:23:49,860 INFO    Thread-13 :13536 [dir_watcher.py:_on_file_modified():288] file/dir modified: /home/uosai/바탕화면/mini-marl/vdn/wandb/run-20240308_132336-lzn7vkjy/files/wandb-summary.json
2024-03-08 13:23:51,860 INFO    Thread-13 :13536 [dir_watcher.py:_on_file_modified():288] file/dir modified: /home/uosai/바탕화면/mini-marl/vdn/wandb/run-20240308_132336-lzn7vkjy/files/output.log
2024-03-08 13:23:51,964 DEBUG   HandlerThread:13536 [handler.py:handle_request():146] handle_request: partial_history
2024-03-08 13:23:51,965 DEBUG   SenderThread:13536 [sender.py:send():382] send: history
2024-03-08 13:23:51,965 DEBUG   SenderThread:13536 [sender.py:send_request():409] send_request: summary_record
2024-03-08 13:23:51,965 DEBUG   HandlerThread:13536 [handler.py:handle_request():146] handle_request: status_report
2024-03-08 13:23:51,965 INFO    SenderThread:13536 [sender.py:_save_file():1403] saving file wandb-summary.json with policy end
2024-03-08 13:23:52,860 INFO    Thread-13 :13536 [dir_watcher.py:_on_file_modified():288] file/dir modified: /home/uosai/바탕화면/mini-marl/vdn/wandb/run-20240308_132336-lzn7vkjy/files/wandb-summary.json
2024-03-08 13:23:53,659 DEBUG   HandlerThread:13536 [handler.py:handle_request():146] handle_request: stop_status
2024-03-08 13:23:53,659 DEBUG   HandlerThread:13536 [handler.py:handle_request():146] handle_request: internal_messages
2024-03-08 13:23:53,659 DEBUG   SenderThread:13536 [sender.py:send_request():409] send_request: stop_status
2024-03-08 13:23:53,861 INFO    Thread-13 :13536 [dir_watcher.py:_on_file_modified():288] file/dir modified: /home/uosai/바탕화면/mini-marl/vdn/wandb/run-20240308_132336-lzn7vkjy/files/output.log
2024-03-08 13:23:55,044 DEBUG   HandlerThread:13536 [handler.py:handle_request():146] handle_request: partial_history
2024-03-08 13:23:55,045 DEBUG   SenderThread:13536 [sender.py:send():382] send: history
2024-03-08 13:23:55,045 DEBUG   SenderThread:13536 [sender.py:send_request():409] send_request: summary_record
2024-03-08 13:23:55,045 INFO    SenderThread:13536 [sender.py:_save_file():1403] saving file wandb-summary.json with policy end
2024-03-08 13:23:55,861 INFO    Thread-13 :13536 [dir_watcher.py:_on_file_modified():288] file/dir modified: /home/uosai/바탕화면/mini-marl/vdn/wandb/run-20240308_132336-lzn7vkjy/files/output.log
2024-03-08 13:23:55,861 INFO    Thread-13 :13536 [dir_watcher.py:_on_file_modified():288] file/dir modified: /home/uosai/바탕화면/mini-marl/vdn/wandb/run-20240308_132336-lzn7vkjy/files/wandb-summary.json
2024-03-08 13:23:57,100 DEBUG   HandlerThread:13536 [handler.py:handle_request():146] handle_request: status_report
2024-03-08 13:23:57,862 INFO    Thread-13 :13536 [dir_watcher.py:_on_file_modified():288] file/dir modified: /home/uosai/바탕화면/mini-marl/vdn/wandb/run-20240308_132336-lzn7vkjy/files/output.log
2024-03-08 13:23:58,041 DEBUG   HandlerThread:13536 [handler.py:handle_request():146] handle_request: partial_history
2024-03-08 13:23:58,041 DEBUG   SenderThread:13536 [sender.py:send():382] send: history
2024-03-08 13:23:58,042 DEBUG   SenderThread:13536 [sender.py:send_request():409] send_request: summary_record
2024-03-08 13:23:58,042 INFO    SenderThread:13536 [sender.py:_save_file():1403] saving file wandb-summary.json with policy end
2024-03-08 13:23:58,862 INFO    Thread-13 :13536 [dir_watcher.py:_on_file_modified():288] file/dir modified: /home/uosai/바탕화면/mini-marl/vdn/wandb/run-20240308_132336-lzn7vkjy/files/wandb-summary.json
2024-03-08 13:23:59,862 INFO    Thread-13 :13536 [dir_watcher.py:_on_file_modified():288] file/dir modified: /home/uosai/바탕화면/mini-marl/vdn/wandb/run-20240308_132336-lzn7vkjy/files/output.log
2024-03-08 13:24:01,024 DEBUG   HandlerThread:13536 [handler.py:handle_request():146] handle_request: partial_history
2024-03-08 13:24:01,024 DEBUG   SenderThread:13536 [sender.py:send():382] send: history
2024-03-08 13:24:01,025 DEBUG   SenderThread:13536 [sender.py:send_request():409] send_request: summary_record
2024-03-08 13:24:01,025 INFO    SenderThread:13536 [sender.py:_save_file():1403] saving file wandb-summary.json with policy end
2024-03-08 13:24:01,863 INFO    Thread-13 :13536 [dir_watcher.py:_on_file_modified():288] file/dir modified: /home/uosai/바탕화면/mini-marl/vdn/wandb/run-20240308_132336-lzn7vkjy/files/output.log
2024-03-08 13:24:01,863 INFO    Thread-13 :13536 [dir_watcher.py:_on_file_modified():288] file/dir modified: /home/uosai/바탕화면/mini-marl/vdn/wandb/run-20240308_132336-lzn7vkjy/files/wandb-summary.json
2024-03-08 13:24:02,292 DEBUG   HandlerThread:13536 [handler.py:handle_request():146] handle_request: status_report
2024-03-08 13:24:03,863 INFO    Thread-13 :13536 [dir_watcher.py:_on_file_modified():288] file/dir modified: /home/uosai/바탕화면/mini-marl/vdn/wandb/run-20240308_132336-lzn7vkjy/files/output.log
2024-03-08 13:24:03,974 DEBUG   HandlerThread:13536 [handler.py:handle_request():146] handle_request: partial_history
2024-03-08 13:24:03,975 DEBUG   SenderThread:13536 [sender.py:send():382] send: history
2024-03-08 13:24:03,975 DEBUG   SenderThread:13536 [sender.py:send_request():409] send_request: summary_record
2024-03-08 13:24:03,975 INFO    SenderThread:13536 [sender.py:_save_file():1403] saving file wandb-summary.json with policy end
2024-03-08 13:24:04,864 INFO    Thread-13 :13536 [dir_watcher.py:_on_file_modified():288] file/dir modified: /home/uosai/바탕화면/mini-marl/vdn/wandb/run-20240308_132336-lzn7vkjy/files/wandb-summary.json
2024-03-08 13:24:05,864 INFO    Thread-13 :13536 [dir_watcher.py:_on_file_modified():288] file/dir modified: /home/uosai/바탕화면/mini-marl/vdn/wandb/run-20240308_132336-lzn7vkjy/files/output.log
2024-03-08 13:24:06,945 DEBUG   HandlerThread:13536 [handler.py:handle_request():146] handle_request: partial_history
2024-03-08 13:24:06,946 DEBUG   SenderThread:13536 [sender.py:send():382] send: history
2024-03-08 13:24:06,946 DEBUG   SenderThread:13536 [sender.py:send_request():409] send_request: summary_record
2024-03-08 13:24:06,946 INFO    SenderThread:13536 [sender.py:_save_file():1403] saving file wandb-summary.json with policy end
2024-03-08 13:24:07,466 DEBUG   HandlerThread:13536 [handler.py:handle_request():146] handle_request: status_report
2024-03-08 13:24:07,864 INFO    Thread-13 :13536 [dir_watcher.py:_on_file_modified():288] file/dir modified: /home/uosai/바탕화면/mini-marl/vdn/wandb/run-20240308_132336-lzn7vkjy/files/output.log
2024-03-08 13:24:07,865 INFO    Thread-13 :13536 [dir_watcher.py:_on_file_modified():288] file/dir modified: /home/uosai/바탕화면/mini-marl/vdn/wandb/run-20240308_132336-lzn7vkjy/files/config.yaml
2024-03-08 13:24:07,865 INFO    Thread-13 :13536 [dir_watcher.py:_on_file_modified():288] file/dir modified: /home/uosai/바탕화면/mini-marl/vdn/wandb/run-20240308_132336-lzn7vkjy/files/wandb-summary.json
2024-03-08 13:24:08,659 DEBUG   HandlerThread:13536 [handler.py:handle_request():146] handle_request: stop_status
2024-03-08 13:24:08,659 DEBUG   HandlerThread:13536 [handler.py:handle_request():146] handle_request: internal_messages
2024-03-08 13:24:08,659 DEBUG   SenderThread:13536 [sender.py:send_request():409] send_request: stop_status
2024-03-08 13:24:09,865 INFO    Thread-13 :13536 [dir_watcher.py:_on_file_modified():288] file/dir modified: /home/uosai/바탕화면/mini-marl/vdn/wandb/run-20240308_132336-lzn7vkjy/files/output.log
2024-03-08 13:24:10,086 DEBUG   HandlerThread:13536 [handler.py:handle_request():146] handle_request: partial_history
2024-03-08 13:24:10,087 DEBUG   SenderThread:13536 [sender.py:send():382] send: history
2024-03-08 13:24:10,087 DEBUG   SenderThread:13536 [sender.py:send_request():409] send_request: summary_record
2024-03-08 13:24:10,087 INFO    SenderThread:13536 [sender.py:_save_file():1403] saving file wandb-summary.json with policy end
2024-03-08 13:24:10,865 INFO    Thread-13 :13536 [dir_watcher.py:_on_file_modified():288] file/dir modified: /home/uosai/바탕화면/mini-marl/vdn/wandb/run-20240308_132336-lzn7vkjy/files/wandb-summary.json
2024-03-08 13:24:11,866 INFO    Thread-13 :13536 [dir_watcher.py:_on_file_modified():288] file/dir modified: /home/uosai/바탕화면/mini-marl/vdn/wandb/run-20240308_132336-lzn7vkjy/files/output.log
2024-03-08 13:24:13,141 DEBUG   HandlerThread:13536 [handler.py:handle_request():146] handle_request: partial_history
2024-03-08 13:24:13,142 DEBUG   SenderThread:13536 [sender.py:send():382] send: history
2024-03-08 13:24:13,142 DEBUG   SenderThread:13536 [sender.py:send_request():409] send_request: summary_record
2024-03-08 13:24:13,142 DEBUG   HandlerThread:13536 [handler.py:handle_request():146] handle_request: status_report
2024-03-08 13:24:13,142 INFO    SenderThread:13536 [sender.py:_save_file():1403] saving file wandb-summary.json with policy end
2024-03-08 13:24:13,866 INFO    Thread-13 :13536 [dir_watcher.py:_on_file_modified():288] file/dir modified: /home/uosai/바탕화면/mini-marl/vdn/wandb/run-20240308_132336-lzn7vkjy/files/output.log
2024-03-08 13:24:13,866 INFO    Thread-13 :13536 [dir_watcher.py:_on_file_modified():288] file/dir modified: /home/uosai/바탕화면/mini-marl/vdn/wandb/run-20240308_132336-lzn7vkjy/files/wandb-summary.json
2024-03-08 13:24:15,867 INFO    Thread-13 :13536 [dir_watcher.py:_on_file_modified():288] file/dir modified: /home/uosai/바탕화면/mini-marl/vdn/wandb/run-20240308_132336-lzn7vkjy/files/output.log
2024-03-08 13:24:16,319 DEBUG   HandlerThread:13536 [handler.py:handle_request():146] handle_request: partial_history
2024-03-08 13:24:16,320 DEBUG   SenderThread:13536 [sender.py:send():382] send: history
2024-03-08 13:24:16,320 DEBUG   SenderThread:13536 [sender.py:send_request():409] send_request: summary_record
2024-03-08 13:24:16,320 INFO    SenderThread:13536 [sender.py:_save_file():1403] saving file wandb-summary.json with policy end
2024-03-08 13:24:16,867 INFO    Thread-13 :13536 [dir_watcher.py:_on_file_modified():288] file/dir modified: /home/uosai/바탕화면/mini-marl/vdn/wandb/run-20240308_132336-lzn7vkjy/files/wandb-summary.json
2024-03-08 13:24:17,867 INFO    Thread-13 :13536 [dir_watcher.py:_on_file_modified():288] file/dir modified: /home/uosai/바탕화면/mini-marl/vdn/wandb/run-20240308_132336-lzn7vkjy/files/output.log
2024-03-08 13:24:18,222 DEBUG   HandlerThread:13536 [handler.py:handle_request():146] handle_request: status_report
2024-03-08 13:24:19,348 DEBUG   HandlerThread:13536 [handler.py:handle_request():146] handle_request: partial_history
2024-03-08 13:24:19,348 DEBUG   SenderThread:13536 [sender.py:send():382] send: history
2024-03-08 13:24:19,348 DEBUG   SenderThread:13536 [sender.py:send_request():409] send_request: summary_record
2024-03-08 13:24:19,349 INFO    SenderThread:13536 [sender.py:_save_file():1403] saving file wandb-summary.json with policy end
2024-03-08 13:24:19,868 INFO    Thread-13 :13536 [dir_watcher.py:_on_file_modified():288] file/dir modified: /home/uosai/바탕화면/mini-marl/vdn/wandb/run-20240308_132336-lzn7vkjy/files/output.log
2024-03-08 13:24:19,868 INFO    Thread-13 :13536 [dir_watcher.py:_on_file_modified():288] file/dir modified: /home/uosai/바탕화면/mini-marl/vdn/wandb/run-20240308_132336-lzn7vkjy/files/wandb-summary.json
2024-03-08 13:24:21,868 INFO    Thread-13 :13536 [dir_watcher.py:_on_file_modified():288] file/dir modified: /home/uosai/바탕화면/mini-marl/vdn/wandb/run-20240308_132336-lzn7vkjy/files/output.log
2024-03-08 13:24:22,234 DEBUG   HandlerThread:13536 [handler.py:handle_request():146] handle_request: partial_history
2024-03-08 13:24:22,235 DEBUG   SenderThread:13536 [sender.py:send():382] send: history
2024-03-08 13:24:22,235 DEBUG   SenderThread:13536 [sender.py:send_request():409] send_request: summary_record
2024-03-08 13:24:22,235 INFO    SenderThread:13536 [sender.py:_save_file():1403] saving file wandb-summary.json with policy end
2024-03-08 13:24:22,868 INFO    Thread-13 :13536 [dir_watcher.py:_on_file_modified():288] file/dir modified: /home/uosai/바탕화면/mini-marl/vdn/wandb/run-20240308_132336-lzn7vkjy/files/wandb-summary.json
2024-03-08 13:24:23,298 DEBUG   HandlerThread:13536 [handler.py:handle_request():146] handle_request: status_report
2024-03-08 13:24:23,659 DEBUG   HandlerThread:13536 [handler.py:handle_request():146] handle_request: stop_status
2024-03-08 13:24:23,659 DEBUG   SenderThread:13536 [sender.py:send_request():409] send_request: stop_status
2024-03-08 13:24:23,661 DEBUG   HandlerThread:13536 [handler.py:handle_request():146] handle_request: internal_messages
2024-03-08 13:24:23,868 INFO    Thread-13 :13536 [dir_watcher.py:_on_file_modified():288] file/dir modified: /home/uosai/바탕화면/mini-marl/vdn/wandb/run-20240308_132336-lzn7vkjy/files/output.log
2024-03-08 13:24:25,247 DEBUG   HandlerThread:13536 [handler.py:handle_request():146] handle_request: partial_history
2024-03-08 13:24:25,248 DEBUG   SenderThread:13536 [sender.py:send():382] send: history
2024-03-08 13:24:25,248 DEBUG   SenderThread:13536 [sender.py:send_request():409] send_request: summary_record
2024-03-08 13:24:25,248 INFO    SenderThread:13536 [sender.py:_save_file():1403] saving file wandb-summary.json with policy end
2024-03-08 13:24:25,869 INFO    Thread-13 :13536 [dir_watcher.py:_on_file_modified():288] file/dir modified: /home/uosai/바탕화면/mini-marl/vdn/wandb/run-20240308_132336-lzn7vkjy/files/output.log
2024-03-08 13:24:25,869 INFO    Thread-13 :13536 [dir_watcher.py:_on_file_modified():288] file/dir modified: /home/uosai/바탕화면/mini-marl/vdn/wandb/run-20240308_132336-lzn7vkjy/files/wandb-summary.json
2024-03-08 13:24:27,870 INFO    Thread-13 :13536 [dir_watcher.py:_on_file_modified():288] file/dir modified: /home/uosai/바탕화면/mini-marl/vdn/wandb/run-20240308_132336-lzn7vkjy/files/output.log
2024-03-08 13:24:28,202 DEBUG   HandlerThread:13536 [handler.py:handle_request():146] handle_request: partial_history
2024-03-08 13:24:28,203 DEBUG   SenderThread:13536 [sender.py:send():382] send: history
2024-03-08 13:24:28,203 DEBUG   SenderThread:13536 [sender.py:send_request():409] send_request: summary_record
2024-03-08 13:24:28,204 INFO    SenderThread:13536 [sender.py:_save_file():1403] saving file wandb-summary.json with policy end
2024-03-08 13:24:28,465 DEBUG   HandlerThread:13536 [handler.py:handle_request():146] handle_request: status_report
2024-03-08 13:24:28,870 INFO    Thread-13 :13536 [dir_watcher.py:_on_file_modified():288] file/dir modified: /home/uosai/바탕화면/mini-marl/vdn/wandb/run-20240308_132336-lzn7vkjy/files/wandb-summary.json
2024-03-08 13:24:29,870 INFO    Thread-13 :13536 [dir_watcher.py:_on_file_modified():288] file/dir modified: /home/uosai/바탕화면/mini-marl/vdn/wandb/run-20240308_132336-lzn7vkjy/files/output.log
2024-03-08 13:24:31,252 DEBUG   HandlerThread:13536 [handler.py:handle_request():146] handle_request: partial_history
2024-03-08 13:24:31,253 DEBUG   SenderThread:13536 [sender.py:send():382] send: history
2024-03-08 13:24:31,254 DEBUG   SenderThread:13536 [sender.py:send_request():409] send_request: summary_record
2024-03-08 13:24:31,254 INFO    SenderThread:13536 [sender.py:_save_file():1403] saving file wandb-summary.json with policy end
2024-03-08 13:24:31,871 INFO    Thread-13 :13536 [dir_watcher.py:_on_file_modified():288] file/dir modified: /home/uosai/바탕화면/mini-marl/vdn/wandb/run-20240308_132336-lzn7vkjy/files/output.log
2024-03-08 13:24:31,871 INFO    Thread-13 :13536 [dir_watcher.py:_on_file_modified():288] file/dir modified: /home/uosai/바탕화면/mini-marl/vdn/wandb/run-20240308_132336-lzn7vkjy/files/wandb-summary.json
2024-03-08 13:24:33,690 DEBUG   HandlerThread:13536 [handler.py:handle_request():146] handle_request: status_report
2024-03-08 13:24:33,871 INFO    Thread-13 :13536 [dir_watcher.py:_on_file_modified():288] file/dir modified: /home/uosai/바탕화면/mini-marl/vdn/wandb/run-20240308_132336-lzn7vkjy/files/output.log
2024-03-08 13:24:34,280 DEBUG   HandlerThread:13536 [handler.py:handle_request():146] handle_request: partial_history
2024-03-08 13:24:34,281 DEBUG   SenderThread:13536 [sender.py:send():382] send: history
2024-03-08 13:24:34,281 DEBUG   SenderThread:13536 [sender.py:send_request():409] send_request: summary_record
2024-03-08 13:24:34,282 INFO    SenderThread:13536 [sender.py:_save_file():1403] saving file wandb-summary.json with policy end
2024-03-08 13:24:34,871 INFO    Thread-13 :13536 [dir_watcher.py:_on_file_modified():288] file/dir modified: /home/uosai/바탕화면/mini-marl/vdn/wandb/run-20240308_132336-lzn7vkjy/files/wandb-summary.json
2024-03-08 13:24:35,872 INFO    Thread-13 :13536 [dir_watcher.py:_on_file_modified():288] file/dir modified: /home/uosai/바탕화면/mini-marl/vdn/wandb/run-20240308_132336-lzn7vkjy/files/output.log
2024-03-08 13:24:36,981 DEBUG   SystemMonitor:13536 [system_monitor.py:_start():172] Starting system metrics aggregation loop
2024-03-08 13:24:36,982 DEBUG   SenderThread:13536 [sender.py:send():382] send: stats
2024-03-08 13:24:37,357 DEBUG   HandlerThread:13536 [handler.py:handle_request():146] handle_request: partial_history
2024-03-08 13:24:37,358 DEBUG   SenderThread:13536 [sender.py:send():382] send: history
2024-03-08 13:24:37,358 DEBUG   SenderThread:13536 [sender.py:send_request():409] send_request: summary_record
2024-03-08 13:24:37,358 INFO    SenderThread:13536 [sender.py:_save_file():1403] saving file wandb-summary.json with policy end
2024-03-08 13:24:37,872 INFO    Thread-13 :13536 [dir_watcher.py:_on_file_modified():288] file/dir modified: /home/uosai/바탕화면/mini-marl/vdn/wandb/run-20240308_132336-lzn7vkjy/files/output.log
2024-03-08 13:24:37,872 INFO    Thread-13 :13536 [dir_watcher.py:_on_file_modified():288] file/dir modified: /home/uosai/바탕화면/mini-marl/vdn/wandb/run-20240308_132336-lzn7vkjy/files/wandb-summary.json
2024-03-08 13:24:38,659 DEBUG   HandlerThread:13536 [handler.py:handle_request():146] handle_request: stop_status
2024-03-08 13:24:38,659 DEBUG   SenderThread:13536 [sender.py:send_request():409] send_request: stop_status
2024-03-08 13:24:38,659 DEBUG   HandlerThread:13536 [handler.py:handle_request():146] handle_request: internal_messages
2024-03-08 13:24:38,881 DEBUG   HandlerThread:13536 [handler.py:handle_request():146] handle_request: status_report
2024-03-08 13:24:39,873 INFO    Thread-13 :13536 [dir_watcher.py:_on_file_modified():288] file/dir modified: /home/uosai/바탕화면/mini-marl/vdn/wandb/run-20240308_132336-lzn7vkjy/files/output.log
2024-03-08 13:24:40,458 DEBUG   HandlerThread:13536 [handler.py:handle_request():146] handle_request: partial_history
2024-03-08 13:24:40,459 DEBUG   SenderThread:13536 [sender.py:send():382] send: history
2024-03-08 13:24:40,459 DEBUG   SenderThread:13536 [sender.py:send_request():409] send_request: summary_record
2024-03-08 13:24:40,460 INFO    SenderThread:13536 [sender.py:_save_file():1403] saving file wandb-summary.json with policy end
2024-03-08 13:24:40,873 INFO    Thread-13 :13536 [dir_watcher.py:_on_file_modified():288] file/dir modified: /home/uosai/바탕화면/mini-marl/vdn/wandb/run-20240308_132336-lzn7vkjy/files/wandb-summary.json
2024-03-08 13:24:41,873 INFO    Thread-13 :13536 [dir_watcher.py:_on_file_modified():288] file/dir modified: /home/uosai/바탕화면/mini-marl/vdn/wandb/run-20240308_132336-lzn7vkjy/files/output.log
2024-03-08 13:24:43,576 DEBUG   HandlerThread:13536 [handler.py:handle_request():146] handle_request: partial_history
2024-03-08 13:24:43,577 DEBUG   SenderThread:13536 [sender.py:send():382] send: history
2024-03-08 13:24:43,577 DEBUG   SenderThread:13536 [sender.py:send_request():409] send_request: summary_record
2024-03-08 13:24:43,577 INFO    SenderThread:13536 [sender.py:_save_file():1403] saving file wandb-summary.json with policy end
2024-03-08 13:24:43,874 INFO    Thread-13 :13536 [dir_watcher.py:_on_file_modified():288] file/dir modified: /home/uosai/바탕화면/mini-marl/vdn/wandb/run-20240308_132336-lzn7vkjy/files/output.log
2024-03-08 13:24:43,874 INFO    Thread-13 :13536 [dir_watcher.py:_on_file_modified():288] file/dir modified: /home/uosai/바탕화면/mini-marl/vdn/wandb/run-20240308_132336-lzn7vkjy/files/wandb-summary.json
2024-03-08 13:24:44,109 DEBUG   HandlerThread:13536 [handler.py:handle_request():146] handle_request: status_report
2024-03-08 13:24:45,238 ERROR   FileStreamThread:13536 [file_stream.py:_handle_response():504] dropped chunk 404 Client Error: Not Found for url: https://api.wandb.ai/files/singfor7012/Checkers-v0/lzn7vkjy/file_stream
NoneType: None
2024-03-08 13:24:45,874 INFO    Thread-13 :13536 [dir_watcher.py:_on_file_modified():288] file/dir modified: /home/uosai/바탕화면/mini-marl/vdn/wandb/run-20240308_132336-lzn7vkjy/files/output.log
2024-03-08 13:24:46,678 DEBUG   HandlerThread:13536 [handler.py:handle_request():146] handle_request: partial_history
2024-03-08 13:24:46,679 DEBUG   SenderThread:13536 [sender.py:send():382] send: history
2024-03-08 13:24:46,679 DEBUG   SenderThread:13536 [sender.py:send_request():409] send_request: summary_record
2024-03-08 13:24:46,679 INFO    SenderThread:13536 [sender.py:_save_file():1403] saving file wandb-summary.json with policy end
2024-03-08 13:24:46,875 INFO    Thread-13 :13536 [dir_watcher.py:_on_file_modified():288] file/dir modified: /home/uosai/바탕화면/mini-marl/vdn/wandb/run-20240308_132336-lzn7vkjy/files/wandb-summary.json
2024-03-08 13:24:47,875 INFO    Thread-13 :13536 [dir_watcher.py:_on_file_modified():288] file/dir modified: /home/uosai/바탕화면/mini-marl/vdn/wandb/run-20240308_132336-lzn7vkjy/files/output.log
2024-03-08 13:24:49,643 DEBUG   HandlerThread:13536 [handler.py:handle_request():146] handle_request: partial_history
2024-03-08 13:24:49,644 DEBUG   SenderThread:13536 [sender.py:send():382] send: history
2024-03-08 13:24:49,645 DEBUG   SenderThread:13536 [sender.py:send_request():409] send_request: summary_record
2024-03-08 13:24:49,645 DEBUG   HandlerThread:13536 [handler.py:handle_request():146] handle_request: status_report
2024-03-08 13:24:49,645 INFO    SenderThread:13536 [sender.py:_save_file():1403] saving file wandb-summary.json with policy end
2024-03-08 13:24:49,658 DEBUG   SenderThread:13536 [sender.py:send():382] send: exit
2024-03-08 13:24:49,658 INFO    SenderThread:13536 [sender.py:send_exit():589] handling exit code: 255
2024-03-08 13:24:49,658 INFO    SenderThread:13536 [sender.py:send_exit():591] handling runtime: 72
2024-03-08 13:24:49,658 INFO    SenderThread:13536 [sender.py:_save_file():1403] saving file wandb-summary.json with policy end
2024-03-08 13:24:49,659 INFO    SenderThread:13536 [sender.py:send_exit():597] send defer
2024-03-08 13:24:49,659 DEBUG   HandlerThread:13536 [handler.py:handle_request():146] handle_request: defer
2024-03-08 13:24:49,659 INFO    HandlerThread:13536 [handler.py:handle_request_defer():172] handle defer: 0
2024-03-08 13:24:49,659 DEBUG   SenderThread:13536 [sender.py:send_request():409] send_request: defer
2024-03-08 13:24:49,659 INFO    SenderThread:13536 [sender.py:send_request_defer():613] handle sender defer: 0
2024-03-08 13:24:49,659 INFO    SenderThread:13536 [sender.py:transition_state():617] send defer: 1
2024-03-08 13:24:49,659 DEBUG   HandlerThread:13536 [handler.py:handle_request():146] handle_request: defer
2024-03-08 13:24:49,659 INFO    HandlerThread:13536 [handler.py:handle_request_defer():172] handle defer: 1
2024-03-08 13:24:49,659 DEBUG   SenderThread:13536 [sender.py:send_request():409] send_request: defer
2024-03-08 13:24:49,659 INFO    SenderThread:13536 [sender.py:send_request_defer():613] handle sender defer: 1
2024-03-08 13:24:49,659 INFO    SenderThread:13536 [sender.py:transition_state():617] send defer: 2
2024-03-08 13:24:49,659 DEBUG   HandlerThread:13536 [handler.py:handle_request():146] handle_request: defer
2024-03-08 13:24:49,659 INFO    HandlerThread:13536 [handler.py:handle_request_defer():172] handle defer: 2
2024-03-08 13:24:49,659 INFO    HandlerThread:13536 [system_monitor.py:finish():203] Stopping system monitor
2024-03-08 13:24:49,659 DEBUG   SystemMonitor:13536 [system_monitor.py:_start():179] Finished system metrics aggregation loop
2024-03-08 13:24:49,660 INFO    HandlerThread:13536 [interfaces.py:finish():202] Joined cpu monitor
2024-03-08 13:24:49,660 DEBUG   SystemMonitor:13536 [system_monitor.py:_start():183] Publishing last batch of metrics
2024-03-08 13:24:49,660 INFO    HandlerThread:13536 [interfaces.py:finish():202] Joined disk monitor
2024-03-08 13:24:49,776 INFO    HandlerThread:13536 [interfaces.py:finish():202] Joined gpu monitor
2024-03-08 13:24:49,776 INFO    HandlerThread:13536 [interfaces.py:finish():202] Joined memory monitor
2024-03-08 13:24:49,776 INFO    HandlerThread:13536 [interfaces.py:finish():202] Joined network monitor
2024-03-08 13:24:49,776 DEBUG   SenderThread:13536 [sender.py:send_request():409] send_request: defer
2024-03-08 13:24:49,777 INFO    SenderThread:13536 [sender.py:send_request_defer():613] handle sender defer: 2
2024-03-08 13:24:49,777 INFO    SenderThread:13536 [sender.py:transition_state():617] send defer: 3
2024-03-08 13:24:49,777 DEBUG   SenderThread:13536 [sender.py:send():382] send: stats
2024-03-08 13:24:49,777 DEBUG   HandlerThread:13536 [handler.py:handle_request():146] handle_request: defer
2024-03-08 13:24:49,777 INFO    HandlerThread:13536 [handler.py:handle_request_defer():172] handle defer: 3
2024-03-08 13:24:49,777 DEBUG   SenderThread:13536 [sender.py:send_request():409] send_request: defer
2024-03-08 13:24:49,777 INFO    SenderThread:13536 [sender.py:send_request_defer():613] handle sender defer: 3
2024-03-08 13:24:49,777 INFO    SenderThread:13536 [sender.py:transition_state():617] send defer: 4
2024-03-08 13:24:49,777 DEBUG   HandlerThread:13536 [handler.py:handle_request():146] handle_request: defer
2024-03-08 13:24:49,777 INFO    HandlerThread:13536 [handler.py:handle_request_defer():172] handle defer: 4
2024-03-08 13:24:49,778 DEBUG   SenderThread:13536 [sender.py:send_request():409] send_request: defer
2024-03-08 13:24:49,778 INFO    SenderThread:13536 [sender.py:send_request_defer():613] handle sender defer: 4
2024-03-08 13:24:49,778 INFO    SenderThread:13536 [sender.py:transition_state():617] send defer: 5
2024-03-08 13:24:49,778 DEBUG   HandlerThread:13536 [handler.py:handle_request():146] handle_request: defer
2024-03-08 13:24:49,778 INFO    HandlerThread:13536 [handler.py:handle_request_defer():172] handle defer: 5
2024-03-08 13:24:49,778 DEBUG   SenderThread:13536 [sender.py:send():382] send: summary
2024-03-08 13:24:49,778 INFO    SenderThread:13536 [sender.py:_save_file():1403] saving file wandb-summary.json with policy end
2024-03-08 13:24:49,778 DEBUG   SenderThread:13536 [sender.py:send_request():409] send_request: defer
2024-03-08 13:24:49,778 INFO    SenderThread:13536 [sender.py:send_request_defer():613] handle sender defer: 5
2024-03-08 13:24:49,778 INFO    SenderThread:13536 [sender.py:transition_state():617] send defer: 6
2024-03-08 13:24:49,778 DEBUG   HandlerThread:13536 [handler.py:handle_request():146] handle_request: defer
2024-03-08 13:24:49,779 INFO    HandlerThread:13536 [handler.py:handle_request_defer():172] handle defer: 6
2024-03-08 13:24:49,779 DEBUG   SenderThread:13536 [sender.py:send_request():409] send_request: defer
2024-03-08 13:24:49,779 INFO    SenderThread:13536 [sender.py:send_request_defer():613] handle sender defer: 6
2024-03-08 13:24:49,779 INFO    SenderThread:13536 [sender.py:transition_state():617] send defer: 7
2024-03-08 13:24:49,779 DEBUG   HandlerThread:13536 [handler.py:handle_request():146] handle_request: status_report
2024-03-08 13:24:49,779 DEBUG   HandlerThread:13536 [handler.py:handle_request():146] handle_request: defer
2024-03-08 13:24:49,779 INFO    HandlerThread:13536 [handler.py:handle_request_defer():172] handle defer: 7
2024-03-08 13:24:49,779 DEBUG   SenderThread:13536 [sender.py:send_request():409] send_request: defer
2024-03-08 13:24:49,779 INFO    SenderThread:13536 [sender.py:send_request_defer():613] handle sender defer: 7
2024-03-08 13:24:49,875 INFO    Thread-13 :13536 [dir_watcher.py:_on_file_modified():288] file/dir modified: /home/uosai/바탕화면/mini-marl/vdn/wandb/run-20240308_132336-lzn7vkjy/files/output.log
2024-03-08 13:24:49,875 INFO    Thread-13 :13536 [dir_watcher.py:_on_file_modified():288] file/dir modified: /home/uosai/바탕화면/mini-marl/vdn/wandb/run-20240308_132336-lzn7vkjy/files/wandb-summary.json
2024-03-08 13:24:50,658 DEBUG   HandlerThread:13536 [handler.py:handle_request():146] handle_request: poll_exit
2024-03-08 13:24:51,083 INFO    SenderThread:13536 [sender.py:transition_state():617] send defer: 8
2024-03-08 13:24:51,083 DEBUG   SenderThread:13536 [sender.py:send_request():409] send_request: poll_exit
2024-03-08 13:24:51,083 DEBUG   HandlerThread:13536 [handler.py:handle_request():146] handle_request: defer
2024-03-08 13:24:51,083 INFO    HandlerThread:13536 [handler.py:handle_request_defer():172] handle defer: 8
2024-03-08 13:24:51,084 DEBUG   SenderThread:13536 [sender.py:send_request():409] send_request: defer
2024-03-08 13:24:51,084 INFO    SenderThread:13536 [sender.py:send_request_defer():613] handle sender defer: 8
2024-03-08 13:24:51,084 INFO    SenderThread:13536 [job_builder.py:build():296] Attempting to build job artifact
2024-03-08 13:24:51,084 INFO    SenderThread:13536 [job_builder.py:_get_source_type():426] is repo sourced job
2024-03-08 13:24:51,101 INFO    SenderThread:13536 [job_builder.py:build():402] adding wandb-job metadata file
2024-03-08 13:24:51,130 INFO    SenderThread:13536 [sender.py:transition_state():617] send defer: 9
2024-03-08 13:24:51,131 DEBUG   HandlerThread:13536 [handler.py:handle_request():146] handle_request: defer
2024-03-08 13:24:51,131 DEBUG   SenderThread:13536 [sender.py:send():382] send: artifact
2024-03-08 13:24:51,131 INFO    HandlerThread:13536 [handler.py:handle_request_defer():172] handle defer: 9
2024-03-08 13:24:51,659 DEBUG   HandlerThread:13536 [handler.py:handle_request():146] handle_request: poll_exit
2024-03-08 13:24:51,876 INFO    Thread-13 :13536 [dir_watcher.py:_on_file_modified():288] file/dir modified: /home/uosai/바탕화면/mini-marl/vdn/wandb/run-20240308_132336-lzn7vkjy/files/output.log
2024-03-08 13:24:54,516 ERROR   SenderThread:13536 [internal_api.py:execute():373] 404 response executing GraphQL.
2024-03-08 13:24:54,516 ERROR   SenderThread:13536 [internal_api.py:execute():374] {"errors":[{"message":"failed to find run Checkers-v0/lzn7vkjy","path":["createArtifactManifest"]}],"data":{"createArtifactManifest":null}}
2024-03-08 13:24:54,516 ERROR   SenderThread:13536 [sender.py:send_artifact():1496] send_artifact: failed for artifact "job/job-https___github.com_singforai_mini-marl.git_vdn_main.py": It appears that you do not have permission to access the requested resource. Please reach out to the project owner to grant you access. If you have the correct permissions, verify that there are no issues with your networking setup.(Error 404: Not Found)
2024-03-08 13:24:54,516 DEBUG   SenderThread:13536 [sender.py:send_request():409] send_request: defer
2024-03-08 13:24:54,516 INFO    SenderThread:13536 [sender.py:send_request_defer():613] handle sender defer: 9
2024-03-08 13:24:54,516 INFO    SenderThread:13536 [dir_watcher.py:finish():358] shutting down directory watcher
2024-03-08 13:24:54,877 INFO    SenderThread:13536 [dir_watcher.py:finish():388] scan: /home/uosai/바탕화면/mini-marl/vdn/wandb/run-20240308_132336-lzn7vkjy/files
2024-03-08 13:24:54,877 INFO    SenderThread:13536 [dir_watcher.py:finish():402] scan save: /home/uosai/바탕화면/mini-marl/vdn/wandb/run-20240308_132336-lzn7vkjy/files/conda-environment.yaml conda-environment.yaml
2024-03-08 13:24:54,877 INFO    SenderThread:13536 [dir_watcher.py:finish():402] scan save: /home/uosai/바탕화면/mini-marl/vdn/wandb/run-20240308_132336-lzn7vkjy/files/requirements.txt requirements.txt
2024-03-08 13:24:54,879 INFO    SenderThread:13536 [dir_watcher.py:finish():402] scan save: /home/uosai/바탕화면/mini-marl/vdn/wandb/run-20240308_132336-lzn7vkjy/files/config.yaml config.yaml
2024-03-08 13:24:54,880 INFO    SenderThread:13536 [dir_watcher.py:finish():402] scan save: /home/uosai/바탕화면/mini-marl/vdn/wandb/run-20240308_132336-lzn7vkjy/files/wandb-metadata.json wandb-metadata.json
2024-03-08 13:24:54,882 INFO    SenderThread:13536 [dir_watcher.py:finish():402] scan save: /home/uosai/바탕화면/mini-marl/vdn/wandb/run-20240308_132336-lzn7vkjy/files/output.log output.log
2024-03-08 13:24:54,884 INFO    SenderThread:13536 [dir_watcher.py:finish():402] scan save: /home/uosai/바탕화면/mini-marl/vdn/wandb/run-20240308_132336-lzn7vkjy/files/wandb-summary.json wandb-summary.json
2024-03-08 13:24:54,884 INFO    SenderThread:13536 [sender.py:transition_state():617] send defer: 10
2024-03-08 13:24:54,884 DEBUG   SenderThread:13536 [sender.py:send_request():409] send_request: poll_exit
2024-03-08 13:24:54,887 DEBUG   HandlerThread:13536 [handler.py:handle_request():146] handle_request: defer
2024-03-08 13:24:54,887 INFO    HandlerThread:13536 [handler.py:handle_request_defer():172] handle defer: 10
2024-03-08 13:24:54,887 DEBUG   HandlerThread:13536 [handler.py:handle_request():146] handle_request: status_report
2024-03-08 13:24:54,887 DEBUG   SenderThread:13536 [sender.py:send_request():409] send_request: defer
2024-03-08 13:24:54,887 INFO    SenderThread:13536 [sender.py:send_request_defer():613] handle sender defer: 10
2024-03-08 13:24:54,887 INFO    SenderThread:13536 [file_pusher.py:finish():172] shutting down file pusher
2024-03-08 13:24:55,060 ERROR   wandb-upload_2:13536 [internal_api.py:execute():373] 404 response executing GraphQL.
2024-03-08 13:24:55,060 ERROR   wandb-upload_2:13536 [internal_api.py:execute():374] {"errors":[{"message":"run Checkers-v0/lzn7vkjy not found during createRunFiles","path":["createRunFiles"]}],"data":{"createRunFiles":null}}
2024-03-08 13:24:55,060 ERROR   Thread-12 :13536 [step_upload.py:_handle_event():200] Failed to upload file: /home/uosai/바탕화면/mini-marl/vdn/wandb/run-20240308_132336-lzn7vkjy/files/config.yaml
Traceback (most recent call last):
  File "/home/uosai/바탕화면/miniconda3/envs/simplenv/lib/python3.9/site-packages/wandb/sdk/lib/retry.py", line 131, in __call__
    result = self._call_fn(*args, **kwargs)
  File "/home/uosai/바탕화면/miniconda3/envs/simplenv/lib/python3.9/site-packages/wandb/sdk/internal/internal_api.py", line 369, in execute
    return self.client.execute(*args, **kwargs)  # type: ignore
  File "/home/uosai/바탕화면/miniconda3/envs/simplenv/lib/python3.9/site-packages/wandb/vendor/gql-0.2.0/wandb_gql/client.py", line 52, in execute
    result = self._get_result(document, *args, **kwargs)
  File "/home/uosai/바탕화면/miniconda3/envs/simplenv/lib/python3.9/site-packages/wandb/vendor/gql-0.2.0/wandb_gql/client.py", line 60, in _get_result
    return self.transport.execute(document, *args, **kwargs)
  File "/home/uosai/바탕화면/miniconda3/envs/simplenv/lib/python3.9/site-packages/wandb/sdk/lib/gql_request.py", line 59, in execute
    request.raise_for_status()
  File "/home/uosai/바탕화면/miniconda3/envs/simplenv/lib/python3.9/site-packages/requests/models.py", line 1021, in raise_for_status
    raise HTTPError(http_error_msg, response=self)
requests.exceptions.HTTPError: 404 Client Error: Not Found for url: https://api.wandb.ai/graphql

During handling of the above exception, another exception occurred:

Traceback (most recent call last):
  File "/home/uosai/바탕화면/miniconda3/envs/simplenv/lib/python3.9/concurrent/futures/thread.py", line 58, in run
    result = self.fn(*self.args, **self.kwargs)
  File "/home/uosai/바탕화면/miniconda3/envs/simplenv/lib/python3.9/site-packages/wandb/filesync/step_upload.py", line 288, in run_and_notify
    self._do_upload_sync(event)
  File "/home/uosai/바탕화면/miniconda3/envs/simplenv/lib/python3.9/site-packages/wandb/filesync/step_upload.py", line 330, in _do_upload_sync
    job.run()
  File "/home/uosai/바탕화면/miniconda3/envs/simplenv/lib/python3.9/site-packages/wandb/filesync/upload_job.py", line 57, in run
    self.push()
  File "/home/uosai/바탕화면/miniconda3/envs/simplenv/lib/python3.9/site-packages/wandb/filesync/upload_job.py", line 106, in push
    _, upload_headers, result = self._api.upload_urls(project, [self.save_name])
  File "/home/uosai/바탕화면/miniconda3/envs/simplenv/lib/python3.9/site-packages/wandb/apis/normalize.py", line 73, in wrapper
    raise err
  File "/home/uosai/바탕화면/miniconda3/envs/simplenv/lib/python3.9/site-packages/wandb/apis/normalize.py", line 41, in wrapper
    return func(*args, **kwargs)
  File "/home/uosai/바탕화면/miniconda3/envs/simplenv/lib/python3.9/site-packages/wandb/sdk/internal/internal_api.py", line 2384, in upload_urls
    query_result = self.gql(
  File "/home/uosai/바탕화면/miniconda3/envs/simplenv/lib/python3.9/site-packages/wandb/sdk/internal/internal_api.py", line 341, in gql
    ret = self._retry_gql(
  File "/home/uosai/바탕화면/miniconda3/envs/simplenv/lib/python3.9/site-packages/wandb/sdk/lib/retry.py", line 147, in __call__
    retry_timedelta_triggered = check_retry_fn(e)
  File "/home/uosai/바탕화면/miniconda3/envs/simplenv/lib/python3.9/site-packages/wandb/util.py", line 907, in no_retry_auth
    raise CommError(
wandb.errors.CommError: It appears that you do not have permission to access the requested resource. Please reach out to the project owner to grant you access. If you have the correct permissions, verify that there are no issues with your networking setup.(Error 404: Not Found)
2024-03-08 13:24:55,062 ERROR   wandb-upload_0:13536 [internal_api.py:execute():373] 404 response executing GraphQL.
2024-03-08 13:24:55,062 ERROR   wandb-upload_0:13536 [internal_api.py:execute():374] {"errors":[{"message":"run Checkers-v0/lzn7vkjy not found during createRunFiles","path":["createRunFiles"]}],"data":{"createRunFiles":null}}
2024-03-08 13:24:55,062 ERROR   Thread-12 :13536 [step_upload.py:_handle_event():200] Failed to upload file: /home/uosai/바탕화면/mini-marl/vdn/wandb/run-20240308_132336-lzn7vkjy/files/conda-environment.yaml
Traceback (most recent call last):
  File "/home/uosai/바탕화면/miniconda3/envs/simplenv/lib/python3.9/site-packages/wandb/sdk/lib/retry.py", line 131, in __call__
    result = self._call_fn(*args, **kwargs)
  File "/home/uosai/바탕화면/miniconda3/envs/simplenv/lib/python3.9/site-packages/wandb/sdk/internal/internal_api.py", line 369, in execute
    return self.client.execute(*args, **kwargs)  # type: ignore
  File "/home/uosai/바탕화면/miniconda3/envs/simplenv/lib/python3.9/site-packages/wandb/vendor/gql-0.2.0/wandb_gql/client.py", line 52, in execute
    result = self._get_result(document, *args, **kwargs)
  File "/home/uosai/바탕화면/miniconda3/envs/simplenv/lib/python3.9/site-packages/wandb/vendor/gql-0.2.0/wandb_gql/client.py", line 60, in _get_result
    return self.transport.execute(document, *args, **kwargs)
  File "/home/uosai/바탕화면/miniconda3/envs/simplenv/lib/python3.9/site-packages/wandb/sdk/lib/gql_request.py", line 59, in execute
    request.raise_for_status()
  File "/home/uosai/바탕화면/miniconda3/envs/simplenv/lib/python3.9/site-packages/requests/models.py", line 1021, in raise_for_status
    raise HTTPError(http_error_msg, response=self)
requests.exceptions.HTTPError: 404 Client Error: Not Found for url: https://api.wandb.ai/graphql

During handling of the above exception, another exception occurred:

Traceback (most recent call last):
  File "/home/uosai/바탕화면/miniconda3/envs/simplenv/lib/python3.9/concurrent/futures/thread.py", line 58, in run
    result = self.fn(*self.args, **self.kwargs)
  File "/home/uosai/바탕화면/miniconda3/envs/simplenv/lib/python3.9/site-packages/wandb/filesync/step_upload.py", line 288, in run_and_notify
    self._do_upload_sync(event)
  File "/home/uosai/바탕화면/miniconda3/envs/simplenv/lib/python3.9/site-packages/wandb/filesync/step_upload.py", line 330, in _do_upload_sync
    job.run()
  File "/home/uosai/바탕화면/miniconda3/envs/simplenv/lib/python3.9/site-packages/wandb/filesync/upload_job.py", line 57, in run
    self.push()
  File "/home/uosai/바탕화면/miniconda3/envs/simplenv/lib/python3.9/site-packages/wandb/filesync/upload_job.py", line 106, in push
    _, upload_headers, result = self._api.upload_urls(project, [self.save_name])
  File "/home/uosai/바탕화면/miniconda3/envs/simplenv/lib/python3.9/site-packages/wandb/apis/normalize.py", line 73, in wrapper
    raise err
  File "/home/uosai/바탕화면/miniconda3/envs/simplenv/lib/python3.9/site-packages/wandb/apis/normalize.py", line 41, in wrapper
    return func(*args, **kwargs)
  File "/home/uosai/바탕화면/miniconda3/envs/simplenv/lib/python3.9/site-packages/wandb/sdk/internal/internal_api.py", line 2384, in upload_urls
    query_result = self.gql(
  File "/home/uosai/바탕화면/miniconda3/envs/simplenv/lib/python3.9/site-packages/wandb/sdk/internal/internal_api.py", line 341, in gql
    ret = self._retry_gql(
  File "/home/uosai/바탕화면/miniconda3/envs/simplenv/lib/python3.9/site-packages/wandb/sdk/lib/retry.py", line 147, in __call__
    retry_timedelta_triggered = check_retry_fn(e)
  File "/home/uosai/바탕화면/miniconda3/envs/simplenv/lib/python3.9/site-packages/wandb/util.py", line 907, in no_retry_auth
    raise CommError(
wandb.errors.CommError: It appears that you do not have permission to access the requested resource. Please reach out to the project owner to grant you access. If you have the correct permissions, verify that there are no issues with your networking setup.(Error 404: Not Found)
2024-03-08 13:24:55,130 ERROR   wandb-upload_1:13536 [internal_api.py:execute():373] 404 response executing GraphQL.
2024-03-08 13:24:55,130 ERROR   wandb-upload_1:13536 [internal_api.py:execute():374] {"errors":[{"message":"run Checkers-v0/lzn7vkjy not found during createRunFiles","path":["createRunFiles"]}],"data":{"createRunFiles":null}}
2024-03-08 13:24:55,130 ERROR   Thread-12 :13536 [step_upload.py:_handle_event():200] Failed to upload file: /home/uosai/바탕화면/mini-marl/vdn/wandb/run-20240308_132336-lzn7vkjy/files/requirements.txt
Traceback (most recent call last):
  File "/home/uosai/바탕화면/miniconda3/envs/simplenv/lib/python3.9/site-packages/wandb/sdk/lib/retry.py", line 131, in __call__
    result = self._call_fn(*args, **kwargs)
  File "/home/uosai/바탕화면/miniconda3/envs/simplenv/lib/python3.9/site-packages/wandb/sdk/internal/internal_api.py", line 369, in execute
    return self.client.execute(*args, **kwargs)  # type: ignore
  File "/home/uosai/바탕화면/miniconda3/envs/simplenv/lib/python3.9/site-packages/wandb/vendor/gql-0.2.0/wandb_gql/client.py", line 52, in execute
    result = self._get_result(document, *args, **kwargs)
  File "/home/uosai/바탕화면/miniconda3/envs/simplenv/lib/python3.9/site-packages/wandb/vendor/gql-0.2.0/wandb_gql/client.py", line 60, in _get_result
    return self.transport.execute(document, *args, **kwargs)
  File "/home/uosai/바탕화면/miniconda3/envs/simplenv/lib/python3.9/site-packages/wandb/sdk/lib/gql_request.py", line 59, in execute
    request.raise_for_status()
  File "/home/uosai/바탕화면/miniconda3/envs/simplenv/lib/python3.9/site-packages/requests/models.py", line 1021, in raise_for_status
    raise HTTPError(http_error_msg, response=self)
requests.exceptions.HTTPError: 404 Client Error: Not Found for url: https://api.wandb.ai/graphql

During handling of the above exception, another exception occurred:

Traceback (most recent call last):
  File "/home/uosai/바탕화면/miniconda3/envs/simplenv/lib/python3.9/concurrent/futures/thread.py", line 58, in run
    result = self.fn(*self.args, **self.kwargs)
  File "/home/uosai/바탕화면/miniconda3/envs/simplenv/lib/python3.9/site-packages/wandb/filesync/step_upload.py", line 288, in run_and_notify
    self._do_upload_sync(event)
  File "/home/uosai/바탕화면/miniconda3/envs/simplenv/lib/python3.9/site-packages/wandb/filesync/step_upload.py", line 330, in _do_upload_sync
    job.run()
  File "/home/uosai/바탕화면/miniconda3/envs/simplenv/lib/python3.9/site-packages/wandb/filesync/upload_job.py", line 57, in run
    self.push()
  File "/home/uosai/바탕화면/miniconda3/envs/simplenv/lib/python3.9/site-packages/wandb/filesync/upload_job.py", line 106, in push
    _, upload_headers, result = self._api.upload_urls(project, [self.save_name])
  File "/home/uosai/바탕화면/miniconda3/envs/simplenv/lib/python3.9/site-packages/wandb/apis/normalize.py", line 73, in wrapper
    raise err
  File "/home/uosai/바탕화면/miniconda3/envs/simplenv/lib/python3.9/site-packages/wandb/apis/normalize.py", line 41, in wrapper
    return func(*args, **kwargs)
  File "/home/uosai/바탕화면/miniconda3/envs/simplenv/lib/python3.9/site-packages/wandb/sdk/internal/internal_api.py", line 2384, in upload_urls
    query_result = self.gql(
  File "/home/uosai/바탕화면/miniconda3/envs/simplenv/lib/python3.9/site-packages/wandb/sdk/internal/internal_api.py", line 341, in gql
    ret = self._retry_gql(
  File "/home/uosai/바탕화면/miniconda3/envs/simplenv/lib/python3.9/site-packages/wandb/sdk/lib/retry.py", line 147, in __call__
    retry_timedelta_triggered = check_retry_fn(e)
  File "/home/uosai/바탕화면/miniconda3/envs/simplenv/lib/python3.9/site-packages/wandb/util.py", line 907, in no_retry_auth
    raise CommError(
wandb.errors.CommError: It appears that you do not have permission to access the requested resource. Please reach out to the project owner to grant you access. If you have the correct permissions, verify that there are no issues with your networking setup.(Error 404: Not Found)
2024-03-08 13:24:55,187 ERROR   wandb-upload_4:13536 [internal_api.py:execute():373] 404 response executing GraphQL.
2024-03-08 13:24:55,187 ERROR   wandb-upload_4:13536 [internal_api.py:execute():374] {"errors":[{"message":"run Checkers-v0/lzn7vkjy not found during createRunFiles","path":["createRunFiles"]}],"data":{"createRunFiles":null}}
2024-03-08 13:24:55,187 ERROR   Thread-12 :13536 [step_upload.py:_handle_event():200] Failed to upload file: /home/uosai/바탕화면/mini-marl/vdn/wandb/run-20240308_132336-lzn7vkjy/files/wandb-summary.json
Traceback (most recent call last):
  File "/home/uosai/바탕화면/miniconda3/envs/simplenv/lib/python3.9/site-packages/wandb/sdk/lib/retry.py", line 131, in __call__
    result = self._call_fn(*args, **kwargs)
  File "/home/uosai/바탕화면/miniconda3/envs/simplenv/lib/python3.9/site-packages/wandb/sdk/internal/internal_api.py", line 369, in execute
    return self.client.execute(*args, **kwargs)  # type: ignore
  File "/home/uosai/바탕화면/miniconda3/envs/simplenv/lib/python3.9/site-packages/wandb/vendor/gql-0.2.0/wandb_gql/client.py", line 52, in execute
    result = self._get_result(document, *args, **kwargs)
  File "/home/uosai/바탕화면/miniconda3/envs/simplenv/lib/python3.9/site-packages/wandb/vendor/gql-0.2.0/wandb_gql/client.py", line 60, in _get_result
    return self.transport.execute(document, *args, **kwargs)
  File "/home/uosai/바탕화면/miniconda3/envs/simplenv/lib/python3.9/site-packages/wandb/sdk/lib/gql_request.py", line 59, in execute
    request.raise_for_status()
  File "/home/uosai/바탕화면/miniconda3/envs/simplenv/lib/python3.9/site-packages/requests/models.py", line 1021, in raise_for_status
    raise HTTPError(http_error_msg, response=self)
requests.exceptions.HTTPError: 404 Client Error: Not Found for url: https://api.wandb.ai/graphql

During handling of the above exception, another exception occurred:

Traceback (most recent call last):
  File "/home/uosai/바탕화면/miniconda3/envs/simplenv/lib/python3.9/concurrent/futures/thread.py", line 58, in run
    result = self.fn(*self.args, **self.kwargs)
  File "/home/uosai/바탕화면/miniconda3/envs/simplenv/lib/python3.9/site-packages/wandb/filesync/step_upload.py", line 288, in run_and_notify
    self._do_upload_sync(event)
  File "/home/uosai/바탕화면/miniconda3/envs/simplenv/lib/python3.9/site-packages/wandb/filesync/step_upload.py", line 330, in _do_upload_sync
    job.run()
  File "/home/uosai/바탕화면/miniconda3/envs/simplenv/lib/python3.9/site-packages/wandb/filesync/upload_job.py", line 57, in run
    self.push()
  File "/home/uosai/바탕화면/miniconda3/envs/simplenv/lib/python3.9/site-packages/wandb/filesync/upload_job.py", line 106, in push
    _, upload_headers, result = self._api.upload_urls(project, [self.save_name])
  File "/home/uosai/바탕화면/miniconda3/envs/simplenv/lib/python3.9/site-packages/wandb/apis/normalize.py", line 73, in wrapper
    raise err
  File "/home/uosai/바탕화면/miniconda3/envs/simplenv/lib/python3.9/site-packages/wandb/apis/normalize.py", line 41, in wrapper
    return func(*args, **kwargs)
  File "/home/uosai/바탕화면/miniconda3/envs/simplenv/lib/python3.9/site-packages/wandb/sdk/internal/internal_api.py", line 2384, in upload_urls
    query_result = self.gql(
  File "/home/uosai/바탕화면/miniconda3/envs/simplenv/lib/python3.9/site-packages/wandb/sdk/internal/internal_api.py", line 341, in gql
    ret = self._retry_gql(
  File "/home/uosai/바탕화면/miniconda3/envs/simplenv/lib/python3.9/site-packages/wandb/sdk/lib/retry.py", line 147, in __call__
    retry_timedelta_triggered = check_retry_fn(e)
  File "/home/uosai/바탕화면/miniconda3/envs/simplenv/lib/python3.9/site-packages/wandb/util.py", line 907, in no_retry_auth
    raise CommError(
wandb.errors.CommError: It appears that you do not have permission to access the requested resource. Please reach out to the project owner to grant you access. If you have the correct permissions, verify that there are no issues with your networking setup.(Error 404: Not Found)
2024-03-08 13:24:55,191 ERROR   wandb-upload_3:13536 [internal_api.py:execute():373] 404 response executing GraphQL.
2024-03-08 13:24:55,191 ERROR   wandb-upload_3:13536 [internal_api.py:execute():374] {"errors":[{"message":"run Checkers-v0/lzn7vkjy not found during createRunFiles","path":["createRunFiles"]}],"data":{"createRunFiles":null}}
2024-03-08 13:24:55,191 ERROR   Thread-12 :13536 [step_upload.py:_handle_event():200] Failed to upload file: /home/uosai/바탕화면/mini-marl/vdn/wandb/run-20240308_132336-lzn7vkjy/files/output.log
Traceback (most recent call last):
  File "/home/uosai/바탕화면/miniconda3/envs/simplenv/lib/python3.9/site-packages/wandb/sdk/lib/retry.py", line 131, in __call__
    result = self._call_fn(*args, **kwargs)
  File "/home/uosai/바탕화면/miniconda3/envs/simplenv/lib/python3.9/site-packages/wandb/sdk/internal/internal_api.py", line 369, in execute
    return self.client.execute(*args, **kwargs)  # type: ignore
  File "/home/uosai/바탕화면/miniconda3/envs/simplenv/lib/python3.9/site-packages/wandb/vendor/gql-0.2.0/wandb_gql/client.py", line 52, in execute
    result = self._get_result(document, *args, **kwargs)
  File "/home/uosai/바탕화면/miniconda3/envs/simplenv/lib/python3.9/site-packages/wandb/vendor/gql-0.2.0/wandb_gql/client.py", line 60, in _get_result
    return self.transport.execute(document, *args, **kwargs)
  File "/home/uosai/바탕화면/miniconda3/envs/simplenv/lib/python3.9/site-packages/wandb/sdk/lib/gql_request.py", line 59, in execute
    request.raise_for_status()
  File "/home/uosai/바탕화면/miniconda3/envs/simplenv/lib/python3.9/site-packages/requests/models.py", line 1021, in raise_for_status
    raise HTTPError(http_error_msg, response=self)
requests.exceptions.HTTPError: 404 Client Error: Not Found for url: https://api.wandb.ai/graphql

During handling of the above exception, another exception occurred:

Traceback (most recent call last):
  File "/home/uosai/바탕화면/miniconda3/envs/simplenv/lib/python3.9/concurrent/futures/thread.py", line 58, in run
    result = self.fn(*self.args, **self.kwargs)
  File "/home/uosai/바탕화면/miniconda3/envs/simplenv/lib/python3.9/site-packages/wandb/filesync/step_upload.py", line 288, in run_and_notify
    self._do_upload_sync(event)
  File "/home/uosai/바탕화면/miniconda3/envs/simplenv/lib/python3.9/site-packages/wandb/filesync/step_upload.py", line 330, in _do_upload_sync
    job.run()
  File "/home/uosai/바탕화면/miniconda3/envs/simplenv/lib/python3.9/site-packages/wandb/filesync/upload_job.py", line 57, in run
    self.push()
  File "/home/uosai/바탕화면/miniconda3/envs/simplenv/lib/python3.9/site-packages/wandb/filesync/upload_job.py", line 106, in push
    _, upload_headers, result = self._api.upload_urls(project, [self.save_name])
  File "/home/uosai/바탕화면/miniconda3/envs/simplenv/lib/python3.9/site-packages/wandb/apis/normalize.py", line 73, in wrapper
    raise err
  File "/home/uosai/바탕화면/miniconda3/envs/simplenv/lib/python3.9/site-packages/wandb/apis/normalize.py", line 41, in wrapper
    return func(*args, **kwargs)
  File "/home/uosai/바탕화면/miniconda3/envs/simplenv/lib/python3.9/site-packages/wandb/sdk/internal/internal_api.py", line 2384, in upload_urls
    query_result = self.gql(
  File "/home/uosai/바탕화면/miniconda3/envs/simplenv/lib/python3.9/site-packages/wandb/sdk/internal/internal_api.py", line 341, in gql
    ret = self._retry_gql(
  File "/home/uosai/바탕화면/miniconda3/envs/simplenv/lib/python3.9/site-packages/wandb/sdk/lib/retry.py", line 147, in __call__
    retry_timedelta_triggered = check_retry_fn(e)
  File "/home/uosai/바탕화면/miniconda3/envs/simplenv/lib/python3.9/site-packages/wandb/util.py", line 907, in no_retry_auth
    raise CommError(
wandb.errors.CommError: It appears that you do not have permission to access the requested resource. Please reach out to the project owner to grant you access. If you have the correct permissions, verify that there are no issues with your networking setup.(Error 404: Not Found)
2024-03-08 13:24:55,391 INFO    Thread-12 :13536 [sender.py:transition_state():617] send defer: 11
2024-03-08 13:24:55,392 DEBUG   HandlerThread:13536 [handler.py:handle_request():146] handle_request: defer
2024-03-08 13:24:55,392 INFO    HandlerThread:13536 [handler.py:handle_request_defer():172] handle defer: 11
2024-03-08 13:24:55,392 DEBUG   SenderThread:13536 [sender.py:send_request():409] send_request: defer
2024-03-08 13:24:55,392 INFO    SenderThread:13536 [sender.py:send_request_defer():613] handle sender defer: 11
2024-03-08 13:24:55,392 INFO    SenderThread:13536 [file_pusher.py:join():178] waiting for file pusher
2024-03-08 13:24:55,392 INFO    SenderThread:13536 [sender.py:transition_state():617] send defer: 12
2024-03-08 13:24:55,393 DEBUG   HandlerThread:13536 [handler.py:handle_request():146] handle_request: defer
2024-03-08 13:24:55,393 INFO    HandlerThread:13536 [handler.py:handle_request_defer():172] handle defer: 12
2024-03-08 13:24:55,393 DEBUG   SenderThread:13536 [sender.py:send_request():409] send_request: defer
2024-03-08 13:24:55,393 INFO    SenderThread:13536 [sender.py:send_request_defer():613] handle sender defer: 12
2024-03-08 13:24:55,393 INFO    SenderThread:13536 [file_stream.py:finish():595] file stream finish called
2024-03-08 13:24:55,562 ERROR   FileStreamThread:13536 [file_stream.py:_handle_response():504] dropped chunk 404 Client Error: Not Found for url: https://api.wandb.ai/files/singfor7012/Checkers-v0/lzn7vkjy/file_stream
NoneType: None
2024-03-08 13:24:55,660 DEBUG   HandlerThread:13536 [handler.py:handle_request():146] handle_request: poll_exit
2024-03-08 13:24:55,734 INFO    SenderThread:13536 [file_stream.py:finish():599] file stream finish is done
2024-03-08 13:24:55,734 INFO    SenderThread:13536 [sender.py:transition_state():617] send defer: 13
2024-03-08 13:24:55,734 DEBUG   SenderThread:13536 [sender.py:send_request():409] send_request: poll_exit
2024-03-08 13:24:55,734 DEBUG   HandlerThread:13536 [handler.py:handle_request():146] handle_request: defer
2024-03-08 13:24:55,734 INFO    HandlerThread:13536 [handler.py:handle_request_defer():172] handle defer: 13
2024-03-08 13:24:55,734 DEBUG   SenderThread:13536 [sender.py:send_request():409] send_request: defer
2024-03-08 13:24:55,735 INFO    SenderThread:13536 [sender.py:send_request_defer():613] handle sender defer: 13
2024-03-08 13:24:55,735 INFO    SenderThread:13536 [sender.py:transition_state():617] send defer: 14
2024-03-08 13:24:55,735 DEBUG   HandlerThread:13536 [handler.py:handle_request():146] handle_request: defer
2024-03-08 13:24:55,735 INFO    HandlerThread:13536 [handler.py:handle_request_defer():172] handle defer: 14
2024-03-08 13:24:55,735 DEBUG   SenderThread:13536 [sender.py:send():382] send: final
2024-03-08 13:24:55,735 DEBUG   SenderThread:13536 [sender.py:send():382] send: footer
2024-03-08 13:24:55,735 DEBUG   SenderThread:13536 [sender.py:send_request():409] send_request: defer
2024-03-08 13:24:55,735 INFO    SenderThread:13536 [sender.py:send_request_defer():613] handle sender defer: 14
2024-03-08 13:24:55,736 DEBUG   HandlerThread:13536 [handler.py:handle_request():146] handle_request: poll_exit
2024-03-08 13:24:55,736 DEBUG   SenderThread:13536 [sender.py:send_request():409] send_request: poll_exit
2024-03-08 13:24:55,736 DEBUG   HandlerThread:13536 [handler.py:handle_request():146] handle_request: poll_exit
2024-03-08 13:24:55,736 DEBUG   SenderThread:13536 [sender.py:send_request():409] send_request: poll_exit
2024-03-08 13:24:55,737 DEBUG   HandlerThread:13536 [handler.py:handle_request():146] handle_request: server_info
2024-03-08 13:24:55,737 DEBUG   SenderThread:13536 [sender.py:send_request():409] send_request: server_info
2024-03-08 13:24:55,738 DEBUG   HandlerThread:13536 [handler.py:handle_request():146] handle_request: get_summary
2024-03-08 13:24:55,739 DEBUG   HandlerThread:13536 [handler.py:handle_request():146] handle_request: sampled_history
2024-03-08 13:24:55,739 DEBUG   HandlerThread:13536 [handler.py:handle_request():146] handle_request: internal_messages
2024-03-08 13:24:55,739 DEBUG   HandlerThread:13536 [handler.py:handle_request():146] handle_request: job_info
2024-03-08 13:24:55,911 DEBUG   SenderThread:13536 [sender.py:send_request():409] send_request: job_info
2024-03-08 13:24:55,911 INFO    MainThread:13536 [wandb_run.py:_footer_history_summary_info():3866] rendering history
2024-03-08 13:24:55,912 INFO    MainThread:13536 [wandb_run.py:_footer_history_summary_info():3898] rendering summary
2024-03-08 13:24:55,912 INFO    MainThread:13536 [wandb_run.py:_footer_sync_info():3825] logging synced files
2024-03-08 13:24:55,912 DEBUG   HandlerThread:13536 [handler.py:handle_request():146] handle_request: shutdown
2024-03-08 13:24:55,912 INFO    HandlerThread:13536 [handler.py:finish():869] shutting down handler
2024-03-08 13:24:56,740 INFO    WriterThread:13536 [datastore.py:close():296] close: /home/uosai/바탕화면/mini-marl/vdn/wandb/run-20240308_132336-lzn7vkjy/run-lzn7vkjy.wandb
2024-03-08 13:24:56,911 INFO    SenderThread:13536 [sender.py:finish():1572] shutting down sender
2024-03-08 13:24:56,911 INFO    SenderThread:13536 [file_pusher.py:finish():172] shutting down file pusher
2024-03-08 13:24:56,911 INFO    SenderThread:13536 [file_pusher.py:join():178] waiting for file pusher
